#
# There is insufficient memory for the Java Runtime Environment to continue.
# Native memory allocation (malloc) failed to allocate 32744 bytes for ChunkPool::allocate
# Possible reasons:
#   The system is out of physical RAM or swap space
#   The process is running with CompressedOops enabled, and the Java Heap may be blocking the growth of the native heap
# Possible solutions:
#   Reduce memory load on the system
#   Increase physical memory or swap space
#   Check if swap backing store is full
#   Decrease Java heap size (-Xmx/-Xms)
#   Decrease number of Java threads
#   Decrease Java thread stack sizes (-Xss)
#   Set larger code cache with -XX:ReservedCodeCacheSize=
#   JVM is running with Unscaled Compressed Oops mode in which the Java heap is
#     placed in the first 4GB address space. The Java Heap base address is the
#     maximum limit for the native heap growth. Please use -XX:HeapBaseMinAddress
#     to set the Java Heap base and to place the Java Heap above 4GB virtual address.
# This output file may be truncated or incomplete.
#
#  Out of Memory Error (allocation.cpp:272), pid=12376, tid=0x0000000000001d48
#
# JRE version: OpenJDK Runtime Environment (8.0_242-b01) (build 1.8.0_242-release-1644-b01)
# Java VM: OpenJDK 64-Bit Server VM (25.242-b01 mixed mode windows-amd64 compressed oops)
# Failed to write core dump. Minidumps are not enabled by default on client versions of Windows
#

---------------  T H R E A D  ---------------

Current thread (0x000000001835d000):  JavaThread "Daemon worker" [_thread_in_vm, id=7496, stack(0x000000001bcc0000,0x000000001bdc0000)]

Stack: [0x000000001bcc0000,0x000000001bdc0000]
[error occurred during error reporting (printing stack bounds), id 0xc0000005]

Native frames: (J=compiled Java code, j=interpreted, Vv=VM code, C=native code)

Java frames: (J=compiled Java code, j=interpreted, Vv=VM code)
J 771  java.lang.ClassLoader.defineClass1(Ljava/lang/String;[BIILjava/security/ProtectionDomain;Ljava/lang/String;)Ljava/lang/Class; (0 bytes) @ 0x00000000030d8b5f [0x00000000030d8ac0+0x9f]
J 3480 C2 java.security.SecureClassLoader.defineClass(Ljava/lang/String;[BIILjava/security/CodeSource;)Ljava/lang/Class; (16 bytes) @ 0x00000000039f0e5c [0x00000000039efb60+0x12fc]
J 2495 C2 java.net.URLClassLoader$1.run()Ljava/lang/Object; (5 bytes) @ 0x00000000037b350c [0x00000000037b27e0+0xd2c]
v  ~StubRoutines::call_stub
J 254  java.security.AccessController.doPrivileged(Ljava/security/PrivilegedExceptionAction;Ljava/security/AccessControlContext;)Ljava/lang/Object; (0 bytes) @ 0x0000000002f56266 [0x0000000002f56200+0x66]
J 1406 C2 java.net.URLClassLoader.findClass(Ljava/lang/String;)Ljava/lang/Class; (47 bytes) @ 0x00000000032941b0 [0x0000000003294120+0x90]
J 3247 C2 java.lang.ClassLoader.loadClass(Ljava/lang/String;Z)Ljava/lang/Class; (122 bytes) @ 0x0000000003920d04 [0x0000000003920900+0x404]
J 2428 C2 java.lang.ClassLoader.loadClass(Ljava/lang/String;)Ljava/lang/Class; (7 bytes) @ 0x00000000036e1ac0 [0x00000000036e1a80+0x40]
v  ~StubRoutines::call_stub
J 771  java.lang.ClassLoader.defineClass1(Ljava/lang/String;[BIILjava/security/ProtectionDomain;Ljava/lang/String;)Ljava/lang/Class; (0 bytes) @ 0x00000000030d8b5f [0x00000000030d8ac0+0x9f]
J 3480 C2 java.security.SecureClassLoader.defineClass(Ljava/lang/String;[BIILjava/security/CodeSource;)Ljava/lang/Class; (16 bytes) @ 0x00000000039f0e5c [0x00000000039efb60+0x12fc]
J 2495 C2 java.net.URLClassLoader$1.run()Ljava/lang/Object; (5 bytes) @ 0x00000000037b350c [0x00000000037b27e0+0xd2c]
v  ~StubRoutines::call_stub
J 254  java.security.AccessController.doPrivileged(Ljava/security/PrivilegedExceptionAction;Ljava/security/AccessControlContext;)Ljava/lang/Object; (0 bytes) @ 0x0000000002f56266 [0x0000000002f56200+0x66]
J 1406 C2 java.net.URLClassLoader.findClass(Ljava/lang/String;)Ljava/lang/Class; (47 bytes) @ 0x00000000032941b0 [0x0000000003294120+0x90]
J 3247 C2 java.lang.ClassLoader.loadClass(Ljava/lang/String;Z)Ljava/lang/Class; (122 bytes) @ 0x0000000003920d04 [0x0000000003920900+0x404]
J 2428 C2 java.lang.ClassLoader.loadClass(Ljava/lang/String;)Ljava/lang/Class; (7 bytes) @ 0x00000000036e1ac0 [0x00000000036e1a80+0x40]
v  ~StubRoutines::call_stub
J 771  java.lang.ClassLoader.defineClass1(Ljava/lang/String;[BIILjava/security/ProtectionDomain;Ljava/lang/String;)Ljava/lang/Class; (0 bytes) @ 0x00000000030d8b5f [0x00000000030d8ac0+0x9f]
J 3480 C2 java.security.SecureClassLoader.defineClass(Ljava/lang/String;[BIILjava/security/CodeSource;)Ljava/lang/Class; (16 bytes) @ 0x00000000039f0e5c [0x00000000039efb60+0x12fc]
J 2495 C2 java.net.URLClassLoader$1.run()Ljava/lang/Object; (5 bytes) @ 0x00000000037b350c [0x00000000037b27e0+0xd2c]
v  ~StubRoutines::call_stub
J 254  java.security.AccessController.doPrivileged(Ljava/security/PrivilegedExceptionAction;Ljava/security/AccessControlContext;)Ljava/lang/Object; (0 bytes) @ 0x0000000002f56266 [0x0000000002f56200+0x66]
J 1406 C2 java.net.URLClassLoader.findClass(Ljava/lang/String;)Ljava/lang/Class; (47 bytes) @ 0x00000000032941b0 [0x0000000003294120+0x90]
J 3247 C2 java.lang.ClassLoader.loadClass(Ljava/lang/String;Z)Ljava/lang/Class; (122 bytes) @ 0x0000000003920d04 [0x0000000003920900+0x404]
J 2428 C2 java.lang.ClassLoader.loadClass(Ljava/lang/String;)Ljava/lang/Class; (7 bytes) @ 0x00000000036e1ac0 [0x00000000036e1a80+0x40]
v  ~StubRoutines::call_stub
J 771  java.lang.ClassLoader.defineClass1(Ljava/lang/String;[BIILjava/security/ProtectionDomain;Ljava/lang/String;)Ljava/lang/Class; (0 bytes) @ 0x00000000030d8b5f [0x00000000030d8ac0+0x9f]
J 3480 C2 java.security.SecureClassLoader.defineClass(Ljava/lang/String;[BIILjava/security/CodeSource;)Ljava/lang/Class; (16 bytes) @ 0x00000000039f0e5c [0x00000000039efb60+0x12fc]
J 2495 C2 java.net.URLClassLoader$1.run()Ljava/lang/Object; (5 bytes) @ 0x00000000037b350c [0x00000000037b27e0+0xd2c]
v  ~StubRoutines::call_stub
J 254  java.security.AccessController.doPrivileged(Ljava/security/PrivilegedExceptionAction;Ljava/security/AccessControlContext;)Ljava/lang/Object; (0 bytes) @ 0x0000000002f56266 [0x0000000002f56200+0x66]
J 1406 C2 java.net.URLClassLoader.findClass(Ljava/lang/String;)Ljava/lang/Class; (47 bytes) @ 0x00000000032941b0 [0x0000000003294120+0x90]
J 3247 C2 java.lang.ClassLoader.loadClass(Ljava/lang/String;Z)Ljava/lang/Class; (122 bytes) @ 0x0000000003920d04 [0x0000000003920900+0x404]
J 2428 C2 java.lang.ClassLoader.loadClass(Ljava/lang/String;)Ljava/lang/Class; (7 bytes) @ 0x00000000036e1ac0 [0x00000000036e1a80+0x40]
v  ~StubRoutines::call_stub
j  org.gradle.api.internal.tasks.DefaultTaskContainer$3.call(Lorg/gradle/internal/operations/BuildOperationContext;)Lorg/gradle/api/tasks/TaskProvider;+7
j  org.gradle.api.internal.tasks.DefaultTaskContainer$3.call(Lorg/gradle/internal/operations/BuildOperationContext;)Ljava/lang/Object;+2
j  org.gradle.internal.operations.DefaultBuildOperationExecutor$CallableBuildOperationWorker.execute(Lorg/gradle/internal/operations/CallableBuildOperation;Lorg/gradle/internal/operations/BuildOperationContext;)V+3
j  org.gradle.internal.operations.DefaultBuildOperationExecutor$CallableBuildOperationWorker.execute(Lorg/gradle/internal/operations/BuildOperation;Lorg/gradle/internal/operations/BuildOperationContext;)V+6
j  org.gradle.internal.operations.DefaultBuildOperationExecutor$1.execute(Lorg/gradle/internal/operations/BuildOperationDescriptor;Lorg/gradle/internal/operations/DefaultBuildOperationExecutor$DefaultBuildOperationContext;Lorg/gradle/internal/operations/DefaultBuildOperationExecutor$BuildOperationExecutionListener;)Lorg/gradle/internal/operations/BuildOperation;+18
j  org.gradle.internal.operations.DefaultBuildOperationExecutor.execute(Lorg/gradle/internal/operations/BuildOperationDescriptor$Builder;Lorg/gradle/internal/operations/DefaultBuildOperationExecutor$BuildOperationState;Lorg/gradle/internal/operations/DefaultBuildOperationExecutor$BuildOperationExecution;)Lorg/gradle/internal/operations/BuildOperation;+105
j  org.gradle.internal.operations.DefaultBuildOperationExecutor.execute(Lorg/gradle/internal/operations/BuildOperation;Lorg/gradle/internal/operations/BuildOperationWorker;Lorg/gradle/internal/operations/DefaultBuildOperationExecutor$BuildOperationState;)V+22
j  org.gradle.internal.operations.DefaultBuildOperationExecutor.call(Lorg/gradle/internal/operations/CallableBuildOperation;)Ljava/lang/Object;+16
j  org.gradle.internal.operations.DelegatingBuildOperationExecutor.call(Lorg/gradle/internal/operations/CallableBuildOperation;)Ljava/lang/Object;+5
j  org.gradle.api.internal.tasks.DefaultTaskContainer.registerTask(Ljava/lang/String;Ljava/lang/Class;Lorg/gradle/api/Action;[Ljava/lang/Object;)Lorg/gradle/api/tasks/TaskProvider;+41
j  org.gradle.api.internal.tasks.DefaultTaskContainer.register(Ljava/lang/String;Ljava/lang/Class;[Ljava/lang/Object;)Lorg/gradle/api/tasks/TaskProvider;+11
j  org.gradle.api.internal.tasks.DefaultTaskContainer.register(Ljava/lang/String;Ljava/lang/Class;)Lorg/gradle/api/tasks/TaskProvider;+12
j  org.gradle.api.internal.tasks.DefaultTaskContainer.register(Ljava/lang/String;)Lorg/gradle/api/tasks/TaskProvider;+10
j  org.gradle.kotlin.dsl.tooling.builders.KotlinScriptingModelBuildersRegistrationAction.execute(Lorg/gradle/api/internal/project/ProjectInternal;)V+100
j  org.gradle.kotlin.dsl.tooling.builders.KotlinScriptingModelBuildersRegistrationAction.execute(Ljava/lang/Object;)V+5
j  org.gradle.configuration.project.PluginsProjectConfigureActions.execute(Lorg/gradle/api/internal/project/ProjectInternal;)V+31
j  org.gradle.configuration.project.PluginsProjectConfigureActions.execute(Ljava/lang/Object;)V+5
j  org.gradle.configuration.project.ConfigureActionsProjectEvaluator.evaluate(Lorg/gradle/api/internal/project/ProjectInternal;Lorg/gradle/api/internal/project/ProjectStateInternal;)V+33
j  org.gradle.configuration.project.LifecycleProjectEvaluator$EvaluateProject$1.run()V+94
j  org.gradle.internal.Factories$1.create()Ljava/lang/Object;+4
j  org.gradle.internal.work.DefaultWorkerLeaseService.withLocks(Ljava/lang/Iterable;Lorg/gradle/internal/Factory;)Ljava/lang/Object;+26
j  org.gradle.internal.work.StopShieldingWorkerLeaseService.withLocks(Ljava/lang/Iterable;Lorg/gradle/internal/Factory;)Ljava/lang/Object;+6
j  org.gradle.api.internal.project.DefaultProjectStateRegistry$ProjectStateImpl.withProjectLock(Lorg/gradle/internal/resources/ResourceLock;Lorg/gradle/internal/Factory;)Ljava/lang/Object;+12
j  org.gradle.api.internal.project.DefaultProjectStateRegistry$ProjectStateImpl.withMutableState(Lorg/gradle/internal/Factory;)Ljava/lang/Object;+134
j  org.gradle.api.internal.project.DefaultProjectStateRegistry$ProjectStateImpl.withMutableState(Ljava/lang/Runnable;)V+5
j  org.gradle.configuration.project.LifecycleProjectEvaluator$EvaluateProject.run(Lorg/gradle/internal/operations/BuildOperationContext;)V+18
j  org.gradle.internal.operations.DefaultBuildOperationExecutor$RunnableBuildOperationWorker.execute(Lorg/gradle/internal/operations/RunnableBuildOperation;Lorg/gradle/internal/operations/BuildOperationContext;)V+2
j  org.gradle.internal.operations.DefaultBuildOperationExecutor$RunnableBuildOperationWorker.execute(Lorg/gradle/internal/operations/BuildOperation;Lorg/gradle/internal/operations/BuildOperationContext;)V+6
j  org.gradle.internal.operations.DefaultBuildOperationExecutor$1.execute(Lorg/gradle/internal/operations/BuildOperationDescriptor;Lorg/gradle/internal/operations/DefaultBuildOperationExecutor$DefaultBuildOperationContext;Lorg/gradle/internal/operations/DefaultBuildOperationExecutor$BuildOperationExecutionListener;)Lorg/gradle/internal/operations/BuildOperation;+18
j  org.gradle.internal.operations.DefaultBuildOperationExecutor.execute(Lorg/gradle/internal/operations/BuildOperationDescriptor$Builder;Lorg/gradle/internal/operations/DefaultBuildOperationExecutor$BuildOperationState;Lorg/gradle/internal/operations/DefaultBuildOperationExecutor$BuildOperationExecution;)Lorg/gradle/internal/operations/BuildOperation;+105
j  org.gradle.internal.operations.DefaultBuildOperationExecutor.execute(Lorg/gradle/internal/operations/BuildOperation;Lorg/gradle/internal/operations/BuildOperationWorker;Lorg/gradle/internal/operations/DefaultBuildOperationExecutor$BuildOperationState;)V+22
j  org.gradle.internal.operations.DefaultBuildOperationExecutor.run(Lorg/gradle/internal/operations/RunnableBuildOperation;)V+10
j  org.gradle.internal.operations.DelegatingBuildOperationExecutor.run(Lorg/gradle/internal/operations/RunnableBuildOperation;)V+5
j  org.gradle.configuration.project.LifecycleProjectEvaluator.evaluate(Lorg/gradle/api/internal/project/ProjectInternal;Lorg/gradle/api/internal/project/ProjectStateInternal;)V+22
j  org.gradle.api.internal.project.DefaultProject.evaluate()Lorg/gradle/api/internal/project/DefaultProject;+9
j  org.gradle.api.internal.project.DefaultProject.evaluate()Lorg/gradle/api/Project;+1
j  org.gradle.execution.TaskPathProjectEvaluator.configure(Lorg/gradle/api/internal/project/ProjectInternal;)V+21
j  org.gradle.execution.TaskPathProjectEvaluator.configureHierarchy(Lorg/gradle/api/internal/project/ProjectInternal;)V+2
j  org.gradle.configuration.DefaultBuildConfigurer.configure(Lorg/gradle/api/internal/GradleInternal;)V+63
j  org.gradle.initialization.DefaultGradleLauncher$ConfigureBuild.run(Lorg/gradle/internal/operations/BuildOperationContext;)V+40
j  org.gradle.internal.operations.DefaultBuildOperationExecutor$RunnableBuildOperationWorker.execute(Lorg/gradle/internal/operations/RunnableBuildOperation;Lorg/gradle/internal/operations/BuildOperationContext;)V+2
j  org.gradle.internal.operations.DefaultBuildOperationExecutor$RunnableBuildOperationWorker.execute(Lorg/gradle/internal/operations/BuildOperation;Lorg/gradle/internal/operations/BuildOperationContext;)V+6
j  org.gradle.internal.operations.DefaultBuildOperationExecutor$1.execute(Lorg/gradle/internal/operations/BuildOperationDescriptor;Lorg/gradle/internal/operations/DefaultBuildOperationExecutor$DefaultBuildOperationContext;Lorg/gradle/internal/operations/DefaultBuildOperationExecutor$BuildOperationExecutionListener;)Lorg/gradle/internal/operations/BuildOperation;+18
j  org.gradle.internal.operations.DefaultBuildOperationExecutor.execute(Lorg/gradle/internal/operations/BuildOperationDescriptor$Builder;Lorg/gradle/internal/operations/DefaultBuildOperationExecutor$BuildOperationState;Lorg/gradle/internal/operations/DefaultBuildOperationExecutor$BuildOperationExecution;)Lorg/gradle/internal/operations/BuildOperation;+105
j  org.gradle.internal.operations.DefaultBuildOperationExecutor.execute(Lorg/gradle/internal/operations/BuildOperation;Lorg/gradle/internal/operations/BuildOperationWorker;Lorg/gradle/internal/operations/DefaultBuildOperationExecutor$BuildOperationState;)V+22
j  org.gradle.internal.operations.DefaultBuildOperationExecutor.run(Lorg/gradle/internal/operations/RunnableBuildOperation;)V+10
j  org.gradle.internal.operations.DelegatingBuildOperationExecutor.run(Lorg/gradle/internal/operations/RunnableBuildOperation;)V+5
j  org.gradle.initialization.DefaultGradleLauncher.configureBuild()V+23
j  org.gradle.initialization.DefaultGradleLauncher.doBuildStages(Lorg/gradle/initialization/DefaultGradleLauncher$Stage;)V+13
j  org.gradle.initialization.DefaultGradleLauncher.executeTasks()Lorg/gradle/api/internal/GradleInternal;+4
j  org.gradle.internal.invocation.GradleBuildController$1.execute(Lorg/gradle/initialization/GradleLauncher;)V+1
j  org.gradle.internal.invocation.GradleBuildController$1.execute(Ljava/lang/Object;)V+5
j  org.gradle.internal.invocation.GradleBuildController$3.create()Lorg/gradle/api/internal/GradleInternal;+31
j  org.gradle.internal.invocation.GradleBuildController$3.create()Ljava/lang/Object;+1
j  org.gradle.internal.work.DefaultWorkerLeaseService.withLocks(Ljava/lang/Iterable;Lorg/gradle/internal/Factory;)Ljava/lang/Object;+26
j  org.gradle.internal.work.StopShieldingWorkerLeaseService.withLocks(Ljava/lang/Iterable;Lorg/gradle/internal/Factory;)Ljava/lang/Object;+6
j  org.gradle.internal.invocation.GradleBuildController.doBuild(Lorg/gradle/api/internal/GradleInternal$BuildType;Lorg/gradle/api/Action;)Lorg/gradle/api/internal/GradleInternal;+26
j  org.gradle.internal.invocation.GradleBuildController.run()Lorg/gradle/api/internal/GradleInternal;+12
j  org.gradle.tooling.internal.provider.runner.ClientProvidedPhasedActionRunner.run(Lorg/gradle/internal/invocation/BuildAction;Lorg/gradle/internal/invocation/BuildController;)Lorg/gradle/internal/invocation/BuildActionRunner$Result;+92
j  org.gradle.launcher.exec.ChainingBuildActionRunner.run(Lorg/gradle/internal/invocation/BuildAction;Lorg/gradle/internal/invocation/BuildController;)Lorg/gradle/internal/invocation/BuildActionRunner$Result;+34
j  org.gradle.launcher.exec.ChainingBuildActionRunner.run(Lorg/gradle/internal/invocation/BuildAction;Lorg/gradle/internal/invocation/BuildController;)Lorg/gradle/internal/invocation/BuildActionRunner$Result;+34
j  org.gradle.launcher.exec.BuildOutcomeReportingBuildActionRunner.run(Lorg/gradle/internal/invocation/BuildAction;Lorg/gradle/internal/invocation/BuildController;)Lorg/gradle/internal/invocation/BuildActionRunner$Result;+143
j  org.gradle.tooling.internal.provider.ValidatingBuildActionRunner.run(Lorg/gradle/internal/invocation/BuildAction;Lorg/gradle/internal/invocation/BuildController;)Lorg/gradle/internal/invocation/BuildActionRunner$Result;+6
j  org.gradle.launcher.exec.BuildCompletionNotifyingBuildActionRunner.run(Lorg/gradle/internal/invocation/BuildAction;Lorg/gradle/internal/invocation/BuildController;)Lorg/gradle/internal/invocation/BuildActionRunner$Result;+28
j  org.gradle.launcher.exec.RunAsBuildOperationBuildActionRunner$3.call(Lorg/gradle/internal/operations/BuildOperationContext;)Lorg/gradle/internal/invocation/BuildActionRunner$Result;+95
j  org.gradle.launcher.exec.RunAsBuildOperationBuildActionRunner$3.call(Lorg/gradle/internal/operations/BuildOperationContext;)Ljava/lang/Object;+2
j  org.gradle.internal.operations.DefaultBuildOperationExecutor$CallableBuildOperationWorker.execute(Lorg/gradle/internal/operations/CallableBuildOperation;Lorg/gradle/internal/operations/BuildOperationContext;)V+3
j  org.gradle.internal.operations.DefaultBuildOperationExecutor$CallableBuildOperationWorker.execute(Lorg/gradle/internal/operations/BuildOperation;Lorg/gradle/internal/operations/BuildOperationContext;)V+6
j  org.gradle.internal.operations.DefaultBuildOperationExecutor$1.execute(Lorg/gradle/internal/operations/BuildOperationDescriptor;Lorg/gradle/internal/operations/DefaultBuildOperationExecutor$DefaultBuildOperationContext;Lorg/gradle/internal/operations/DefaultBuildOperationExecutor$BuildOperationExecutionListener;)Lorg/gradle/internal/operations/BuildOperation;+18
j  org.gradle.internal.operations.DefaultBuildOperationExecutor.execute(Lorg/gradle/internal/operations/BuildOperationDescriptor$Builder;Lorg/gradle/internal/operations/DefaultBuildOperationExecutor$BuildOperationState;Lorg/gradle/internal/operations/DefaultBuildOperationExecutor$BuildOperationExecution;)Lorg/gradle/internal/operations/BuildOperation;+105
j  org.gradle.internal.operations.DefaultBuildOperationExecutor.execute(Lorg/gradle/internal/operations/BuildOperation;Lorg/gradle/internal/operations/BuildOperationWorker;Lorg/gradle/internal/operations/DefaultBuildOperationExecutor$BuildOperationState;)V+22
j  org.gradle.internal.operations.DefaultBuildOperationExecutor.call(Lorg/gradle/internal/operations/CallableBuildOperation;)Ljava/lang/Object;+16
j  org.gradle.internal.operations.DelegatingBuildOperationExecutor.call(Lorg/gradle/internal/operations/CallableBuildOperation;)Ljava/lang/Object;+5
j  org.gradle.launcher.exec.RunAsBuildOperationBuildActionRunner.run(Lorg/gradle/internal/invocation/BuildAction;Lorg/gradle/internal/invocation/BuildController;)Lorg/gradle/internal/invocation/BuildActionRunner$Result;+33
j  org.gradle.launcher.exec.InProcessBuildActionExecuter$1.transform(Lorg/gradle/internal/invocation/BuildController;)Lorg/gradle/launcher/exec/BuildActionResult;+12
j  org.gradle.launcher.exec.InProcessBuildActionExecuter$1.transform(Ljava/lang/Object;)Ljava/lang/Object;+5
j  org.gradle.composite.internal.DefaultRootBuildState.run(Lorg/gradle/api/Transformer;)Ljava/lang/Object;+35
j  org.gradle.launcher.exec.InProcessBuildActionExecuter.execute(Lorg/gradle/internal/invocation/BuildAction;Lorg/gradle/initialization/BuildRequestContext;Lorg/gradle/launcher/exec/BuildActionParameters;Lorg/gradle/internal/service/ServiceRegistry;)Lorg/gradle/launcher/exec/BuildActionResult;+82
j  org.gradle.launcher.exec.InProcessBuildActionExecuter.execute(Lorg/gradle/internal/invocation/BuildAction;Lorg/gradle/initialization/BuildRequestContext;Ljava/lang/Object;Lorg/gradle/internal/service/ServiceRegistry;)Lorg/gradle/launcher/exec/BuildActionResult;+9
j  org.gradle.launcher.exec.BuildTreeScopeBuildActionExecuter.execute(Lorg/gradle/internal/invocation/BuildAction;Lorg/gradle/initialization/BuildRequestContext;Lorg/gradle/launcher/exec/BuildActionParameters;Lorg/gradle/internal/service/ServiceRegistry;)Lorg/gradle/launcher/exec/BuildActionResult;+38
j  org.gradle.launcher.exec.BuildTreeScopeBuildActionExecuter.execute(Lorg/gradle/internal/invocation/BuildAction;Lorg/gradle/initialization/BuildRequestContext;Ljava/lang/Object;Lorg/gradle/internal/service/ServiceRegistry;)Lorg/gradle/launcher/exec/BuildActionResult;+9
j  org.gradle.tooling.internal.provider.ContinuousBuildActionExecuter.execute(Lorg/gradle/internal/invocation/BuildAction;Lorg/gradle/initialization/BuildRequestContext;Lorg/gradle/launcher/exec/BuildActionParameters;Lorg/gradle/internal/service/ServiceRegistry;)Lorg/gradle/launcher/exec/BuildActionResult;+58
j  org.gradle.tooling.internal.provider.ContinuousBuildActionExecuter.execute(Lorg/gradle/internal/invocation/BuildAction;Lorg/gradle/initialization/BuildRequestContext;Ljava/lang/Object;Lorg/gradle/internal/service/ServiceRegistry;)Lorg/gradle/launcher/exec/BuildActionResult;+9
j  org.gradle.tooling.internal.provider.SubscribableBuildActionExecuter.execute(Lorg/gradle/internal/invocation/BuildAction;Lorg/gradle/initialization/BuildRequestContext;Lorg/gradle/launcher/exec/BuildActionParameters;Lorg/gradle/internal/service/ServiceRegistry;)Lorg/gradle/launcher/exec/BuildActionResult;+45
j  org.gradle.tooling.internal.provider.SubscribableBuildActionExecuter.execute(Lorg/gradle/internal/invocation/BuildAction;Lorg/gradle/initialization/BuildRequestContext;Ljava/lang/Object;Lorg/gradle/internal/service/ServiceRegistry;)Lorg/gradle/launcher/exec/BuildActionResult;+9
j  org.gradle.tooling.internal.provider.SessionScopeBuildActionExecuter.execute(Lorg/gradle/internal/invocation/BuildAction;Lorg/gradle/initialization/BuildRequestContext;Lorg/gradle/launcher/exec/BuildActionParameters;Lorg/gradle/internal/service/ServiceRegistry;)Lorg/gradle/launcher/exec/BuildActionResult;+117
j  org.gradle.tooling.internal.provider.SessionScopeBuildActionExecuter.execute(Lorg/gradle/internal/invocation/BuildAction;Lorg/gradle/initialization/BuildRequestContext;Ljava/lang/Object;Lorg/gradle/internal/service/ServiceRegistry;)Lorg/gradle/launcher/exec/BuildActionResult;+9
j  org.gradle.tooling.internal.provider.GradleThreadBuildActionExecuter.execute(Lorg/gradle/internal/invocation/BuildAction;Lorg/gradle/initialization/BuildRequestContext;Lorg/gradle/launcher/exec/BuildActionParameters;Lorg/gradle/internal/service/ServiceRegistry;)Lorg/gradle/launcher/exec/BuildActionResult;+12
j  org.gradle.tooling.internal.provider.GradleThreadBuildActionExecuter.execute(Lorg/gradle/internal/invocation/BuildAction;Lorg/gradle/initialization/BuildRequestContext;Ljava/lang/Object;Lorg/gradle/internal/service/ServiceRegistry;)Lorg/gradle/launcher/exec/BuildActionResult;+9
j  org.gradle.tooling.internal.provider.ParallelismConfigurationBuildActionExecuter.execute(Lorg/gradle/internal/invocation/BuildAction;Lorg/gradle/initialization/BuildRequestContext;Lorg/gradle/launcher/exec/BuildActionParameters;Lorg/gradle/internal/service/ServiceRegistry;)Lorg/gradle/launcher/exec/BuildActionResult;+43
j  org.gradle.tooling.internal.provider.ParallelismConfigurationBuildActionExecuter.execute(Lorg/gradle/internal/invocation/BuildAction;Lorg/gradle/initialization/BuildRequestContext;Ljava/lang/Object;Lorg/gradle/internal/service/ServiceRegistry;)Lorg/gradle/launcher/exec/BuildActionResult;+9
j  org.gradle.tooling.internal.provider.StartParamsValidatingActionExecuter.execute(Lorg/gradle/internal/invocation/BuildAction;Lorg/gradle/initialization/BuildRequestContext;Lorg/gradle/launcher/exec/BuildActionParameters;Lorg/gradle/internal/service/ServiceRegistry;)Lorg/gradle/launcher/exec/BuildActionResult;+177
j  org.gradle.tooling.internal.provider.StartParamsValidatingActionExecuter.execute(Lorg/gradle/internal/invocation/BuildAction;Lorg/gradle/initialization/BuildRequestContext;Ljava/lang/Object;Lorg/gradle/internal/service/ServiceRegistry;)Lorg/gradle/launcher/exec/BuildActionResult;+9
j  org.gradle.tooling.internal.provider.SessionFailureReportingActionExecuter.execute(Lorg/gradle/internal/invocation/BuildAction;Lorg/gradle/initialization/BuildRequestContext;Lorg/gradle/launcher/exec/BuildActionParameters;Lorg/gradle/internal/service/ServiceRegistry;)Lorg/gradle/launcher/exec/BuildActionResult;+9
j  org.gradle.tooling.internal.provider.SessionFailureReportingActionExecuter.execute(Lorg/gradle/internal/invocation/BuildAction;Lorg/gradle/initialization/BuildRequestContext;Ljava/lang/Object;Lorg/gradle/internal/service/ServiceRegistry;)Lorg/gradle/launcher/exec/BuildActionResult;+9
j  org.gradle.tooling.internal.provider.SetupLoggingActionExecuter.execute(Lorg/gradle/internal/invocation/BuildAction;Lorg/gradle/initialization/BuildRequestContext;Lorg/gradle/launcher/exec/BuildActionParameters;Lorg/gradle/internal/service/ServiceRegistry;)Lorg/gradle/launcher/exec/BuildActionResult;+52
j  org.gradle.tooling.internal.provider.SetupLoggingActionExecuter.execute(Lorg/gradle/internal/invocation/BuildAction;Lorg/gradle/initialization/BuildRequestContext;Ljava/lang/Object;Lorg/gradle/internal/service/ServiceRegistry;)Lorg/gradle/launcher/exec/BuildActionResult;+9
j  org.gradle.launcher.daemon.server.exec.ExecuteBuild.doBuild(Lorg/gradle/launcher/daemon/server/api/DaemonCommandExecution;Lorg/gradle/launcher/daemon/protocol/Build;)V+118
j  org.gradle.launcher.daemon.server.exec.BuildCommandOnly.execute(Lorg/gradle/launcher/daemon/server/api/DaemonCommandExecution;)V+49
j  org.gradle.launcher.daemon.server.api.DaemonCommandExecution.proceed()Z+28
j  org.gradle.launcher.daemon.server.exec.WatchForDisconnection.execute(Lorg/gradle/launcher/daemon/server/api/DaemonCommandExecution;)V+19
j  org.gradle.launcher.daemon.server.api.DaemonCommandExecution.proceed()Z+28
j  org.gradle.launcher.daemon.server.exec.ResetDeprecationLogger.execute(Lorg/gradle/launcher/daemon/server/api/DaemonCommandExecution;)V+4
j  org.gradle.launcher.daemon.server.api.DaemonCommandExecution.proceed()Z+28
j  org.gradle.launcher.daemon.server.exec.RequestStopIfSingleUsedDaemon.execute(Lorg/gradle/launcher/daemon/server/api/DaemonCommandExecution;)V+33
j  org.gradle.launcher.daemon.server.api.DaemonCommandExecution.proceed()Z+28
j  org.gradle.launcher.daemon.server.exec.ForwardClientInput$2.call()Ljava/lang/Void;+4
j  org.gradle.launcher.daemon.server.exec.ForwardClientInput$2.call()Ljava/lang/Object;+1
j  org.gradle.util.Swapper.swap(Ljava/lang/Object;Ljava/util/concurrent/Callable;)Ljava/lang/Object;+21
j  org.gradle.launcher.daemon.server.exec.ForwardClientInput.execute(Lorg/gradle/launcher/daemon/server/api/DaemonCommandExecution;)V+63
j  org.gradle.launcher.daemon.server.api.DaemonCommandExecution.proceed()Z+28
j  org.gradle.launcher.daemon.server.exec.LogAndCheckHealth.execute(Lorg/gradle/launcher/daemon/server/api/DaemonCommandExecution;)V+28
j  org.gradle.launcher.daemon.server.api.DaemonCommandExecution.proceed()Z+28
j  org.gradle.launcher.daemon.server.exec.LogToClient.doBuild(Lorg/gradle/launcher/daemon/server/api/DaemonCommandExecution;Lorg/gradle/launcher/daemon/protocol/Build;)V+87
j  org.gradle.launcher.daemon.server.exec.BuildCommandOnly.execute(Lorg/gradle/launcher/daemon/server/api/DaemonCommandExecution;)V+49
j  org.gradle.launcher.daemon.server.api.DaemonCommandExecution.proceed()Z+28
j  org.gradle.launcher.daemon.server.exec.EstablishBuildEnvironment.doBuild(Lorg/gradle/launcher/daemon/server/api/DaemonCommandExecution;Lorg/gradle/launcher/daemon/protocol/Build;)V+351
j  org.gradle.launcher.daemon.server.exec.BuildCommandOnly.execute(Lorg/gradle/launcher/daemon/server/api/DaemonCommandExecution;)V+49
j  org.gradle.launcher.daemon.server.api.DaemonCommandExecution.proceed()Z+28
j  org.gradle.launcher.daemon.server.exec.StartBuildOrRespondWithBusy$1.run()V+44
j  org.gradle.launcher.daemon.server.DaemonStateCoordinator$1.run()V+4
j  org.gradle.internal.concurrent.ExecutorPolicy$CatchAndRecordFailures.onExecute(Ljava/lang/Runnable;)V+1
j  org.gradle.internal.concurrent.ManagedExecutorImpl$1.run()V+25
j  java.util.concurrent.ThreadPoolExecutor.runWorker(Ljava/util/concurrent/ThreadPoolExecutor$Worker;)V+95
j  java.util.concurrent.ThreadPoolExecutor$Worker.run()V+5
j  org.gradle.internal.concurrent.ThreadFactoryImpl$ManagedThreadRunnable.run()V+7
j  java.lang.Thread.run()V+11
v  ~StubRoutines::call_stub

---------------  P R O C E S S  ---------------

Java Threads: ( => current thread )
  0x0000000019f6c000 JavaThread "Cache worker for execution history cache (C:\Users\NeoCredit\.gradle\caches\5.4.1\executionHistory)" [_thread_blocked, id=11736, stack(0x000000001f530000,0x000000001f630000)]
  0x0000000019f6b000 JavaThread "Cache worker for cache directory md-rule (C:\Users\NeoCredit\.gradle\caches\5.4.1\md-rule)" [_thread_blocked, id=12536, stack(0x000000001f430000,0x000000001f530000)]
  0x0000000019f69800 JavaThread "Cache worker for cache directory md-supplier (C:\Users\NeoCredit\.gradle\caches\5.4.1\md-supplier)" [_thread_blocked, id=5664, stack(0x000000001f110000,0x000000001f210000)]
  0x0000000019f6e000 JavaThread "Cache worker for file hash cache (C:\Users\NeoCredit\Desktop\Kushal Data\Kushal Projects\VenditeraVaartha\.gradle\5.4.1\fileHashes)" [_thread_blocked, id=6192, stack(0x000000001da00000,0x000000001db00000)]
  0x0000000019f69000 JavaThread "Cache worker for journal cache (C:\Users\NeoCredit\.gradle\caches\journal-1)" [_thread_blocked, id=4016, stack(0x000000001c2c0000,0x000000001c3c0000)]
  0x0000000019f6d800 JavaThread "File lock request listener" [_thread_in_native, id=8244, stack(0x000000001c1c0000,0x000000001c2c0000)]
  0x0000000019f49800 JavaThread "Cache worker for file hash cache (C:\Users\NeoCredit\.gradle\caches\5.4.1\fileHashes)" [_thread_blocked, id=8504, stack(0x000000001c0c0000,0x000000001c1c0000)]
  0x0000000019f8d800 JavaThread "Thread-9" [_thread_blocked, id=9876, stack(0x000000001bfc0000,0x000000001c0c0000)]
  0x0000000019a20800 JavaThread "Stdin handler" [_thread_blocked, id=9044, stack(0x000000001bec0000,0x000000001bfc0000)]
  0x0000000019a1f800 JavaThread "Asynchronous log dispatcher for DefaultDaemonConnection: socket connection from /127.0.0.1:56934 to /127.0.0.1:56935" [_thread_blocked, id=3768, stack(0x000000001bdc0000,0x000000001bec0000)]
=>0x000000001835d000 JavaThread "Daemon worker" [_thread_in_vm, id=7496, stack(0x000000001bcc0000,0x000000001bdc0000)]
  0x000000001835c800 JavaThread "Cancel handler" [_thread_blocked, id=10400, stack(0x000000001bbc0000,0x000000001bcc0000)]
  0x000000001941c800 JavaThread "Handler for socket connection from /127.0.0.1:56934 to /127.0.0.1:56935" [_thread_in_native, id=5436, stack(0x000000001b8c0000,0x000000001b9c0000)]
  0x0000000019417800 JavaThread "Daemon periodic checks" [_thread_blocked, id=7732, stack(0x000000001b7c0000,0x000000001b8c0000)]
  0x0000000019416800 JavaThread "Daemon" [_thread_blocked, id=6684, stack(0x000000001b6c0000,0x000000001b7c0000)]
  0x0000000019722000 JavaThread "Incoming local TCP Connector on port 56934" [_thread_in_native, id=3268, stack(0x000000001b480000,0x000000001b580000)]
  0x00000000181ad800 JavaThread "Daemon health stats" [_thread_blocked, id=12020, stack(0x000000001ae40000,0x000000001af40000)]
  0x00000000180c9000 JavaThread "Service Thread" daemon [_thread_blocked, id=3324, stack(0x00000000184a0000,0x00000000185a0000)]
  0x000000001674b800 JavaThread "C1 CompilerThread2" daemon [_thread_blocked, id=9932, stack(0x0000000017fa0000,0x00000000180a0000)]
  0x000000001673e000 JavaThread "C2 CompilerThread1" daemon [_thread_in_native, id=6868, stack(0x0000000017ea0000,0x0000000017fa0000)]
  0x0000000016737000 JavaThread "C2 CompilerThread0" daemon [_thread_in_native, id=7260, stack(0x0000000017da0000,0x0000000017ea0000)]
  0x0000000016732000 JavaThread "Attach Listener" daemon [_thread_blocked, id=5272, stack(0x0000000017ca0000,0x0000000017da0000)]
  0x0000000016731000 JavaThread "Signal Dispatcher" daemon [_thread_blocked, id=1016, stack(0x0000000017ba0000,0x0000000017ca0000)]
  0x0000000002dbb000 JavaThread "Finalizer" daemon [_thread_blocked, id=11976, stack(0x00000000179a0000,0x0000000017aa0000)]
  0x0000000016719000 JavaThread "Reference Handler" daemon [_thread_blocked, id=5900, stack(0x00000000178a0000,0x00000000179a0000)]
  0x0000000002b2e000 JavaThread "main" [_thread_blocked, id=5936, stack(0x0000000002bc0000,0x0000000002cc0000)]

Other Threads:
  0x00000000166f6000 VMThread [stack: 0x00000000177a0000,0x00000000178a0000] [id=1320]
  0x00000000180ea800 WatcherThread [stack: 0x00000000185a0000,0x00000000186a0000] [id=11608]

VM state:not at safepoint (normal execution)

VM Mutex/Monitor currently owned by a thread: None

heap address: 0x00000000a0000000, size: 1536 MB, Compressed Oops mode: 32-bit
Narrow klass base: 0x0000000000000000, Narrow klass shift: 3
Compressed class space size: 1073741824 Address: 0x0000000100000000

Heap:
 PSYoungGen      total 185344K, used 47008K [0x00000000e0000000, 0x00000000ec400000, 0x0000000100000000)
  eden space 171008K, 27% used [0x00000000e0000000,0x00000000e2de83e8,0x00000000ea700000)
  from space 14336K, 0% used [0x00000000eb600000,0x00000000eb600000,0x00000000ec400000)
  to   space 14848K, 0% used [0x00000000ea700000,0x00000000ea700000,0x00000000eb580000)
 ParOldGen       total 92160K, used 20905K [0x00000000a0000000, 0x00000000a5a00000, 0x00000000e0000000)
  object space 92160K, 22% used [0x00000000a0000000,0x00000000a146a700,0x00000000a5a00000)
 Metaspace       used 37030K, capacity 37906K, committed 38016K, reserved 1081344K
  class space    used 4916K, capacity 5162K, committed 5248K, reserved 1048576K

Card table byte_map: [0x0000000012180000,0x0000000012490000] byte_map_base: 0x0000000011c80000

Marking Bits: (ParMarkBitMap*) 0x0000000061a6f030
 Begin Bits: [0x0000000012a90000, 0x0000000014290000)
 End Bits:   [0x0000000014290000, 0x0000000015a90000)

Polling page: 0x0000000002a40000

CodeCache: size=245760Kb used=13047Kb max_used=13207Kb free=232712Kb
 bounds [0x0000000002dc0000, 0x0000000003ac0000, 0x0000000011dc0000]
 total_blobs=4074 nmethods=3354 adapters=633
 compilation: enabled

Compilation events (10 events):
Event: 16.684 Thread 0x000000001674b800 3673       3       sun.reflect.generics.tree.TypeVariableSignature::make (9 bytes)
Event: 16.684 Thread 0x000000001674b800 nmethod 3673 0x0000000002ee2f50 code [0x0000000002ee30c0, 0x0000000002ee3310]
Event: 16.685 Thread 0x000000001674b800 3674       3       sun.reflect.generics.parser.SignatureParser::parseTypeVariableSignature (93 bytes)
Event: 16.685 Thread 0x000000001674b800 nmethod 3674 0x0000000002ed4090 code [0x0000000002ed42e0, 0x0000000002ed4dd8]
Event: 16.704 Thread 0x000000001674b800 3675       1       java.lang.reflect.AccessibleObject::isAccessible (5 bytes)
Event: 16.705 Thread 0x000000001674b800 nmethod 3675 0x0000000002fa3e50 code [0x0000000002fa3fa0, 0x0000000002fa40b0]
Event: 16.709 Thread 0x000000001674b800 3676       3       org.gradle.internal.logging.events.OutputEvent::<init> (5 bytes)
Event: 16.709 Thread 0x000000001674b800 nmethod 3676 0x0000000002f123d0 code [0x0000000002f12520, 0x0000000002f126d0]
Event: 16.709 Thread 0x000000001674b800 3677       3       org.gradle.internal.logging.events.ProgressCompleteEvent::getLogLevel (4 bytes)
Event: 16.709 Thread 0x000000001674b800 nmethod 3677 0x00000000030a17d0 code [0x00000000030a1920, 0x00000000030a1a70]

GC Heap History (10 events):
Event: 13.780 GC heap before
{Heap before GC invocations=10 (full 1):
 PSYoungGen      total 132096K, used 132080K [0x00000000e0000000, 0x00000000e8600000, 0x0000000100000000)
  eden space 126976K, 100% used [0x00000000e0000000,0x00000000e7c00000,0x00000000e7c00000)
  from space 5120K, 99% used [0x00000000e8100000,0x00000000e85fc090,0x00000000e8600000)
  to   space 5120K, 0% used [0x00000000e7c00000,0x00000000e7c00000,0x00000000e8100000)
 ParOldGen       total 66048K, used 28111K [0x00000000a0000000, 0x00000000a4080000, 0x00000000e0000000)
  object space 66048K, 42% used [0x00000000a0000000,0x00000000a1b73d98,0x00000000a4080000)
 Metaspace       used 33507K, capacity 34120K, committed 34176K, reserved 1079296K
  class space    used 4515K, capacity 4716K, committed 4736K, reserved 1048576K
Event: 13.787 GC heap after
Heap after GC invocations=10 (full 1):
 PSYoungGen      total 132096K, used 2208K [0x00000000e0000000, 0x00000000ec500000, 0x0000000100000000)
  eden space 126976K, 0% used [0x00000000e0000000,0x00000000e0000000,0x00000000e7c00000)
  from space 5120K, 43% used [0x00000000e7c00000,0x00000000e7e28000,0x00000000e8100000)
  to   space 15360K, 0% used [0x00000000eb600000,0x00000000eb600000,0x00000000ec500000)
 ParOldGen       total 66048K, used 32630K [0x00000000a0000000, 0x00000000a4080000, 0x00000000e0000000)
  object space 66048K, 49% used [0x00000000a0000000,0x00000000a1fdda58,0x00000000a4080000)
 Metaspace       used 33507K, capacity 34120K, committed 34176K, reserved 1079296K
  class space    used 4515K, capacity 4716K, committed 4736K, reserved 1048576K
}
Event: 14.500 GC heap before
{Heap before GC invocations=11 (full 1):
 PSYoungGen      total 132096K, used 129184K [0x00000000e0000000, 0x00000000ec500000, 0x0000000100000000)
  eden space 126976K, 100% used [0x00000000e0000000,0x00000000e7c00000,0x00000000e7c00000)
  from space 5120K, 43% used [0x00000000e7c00000,0x00000000e7e28000,0x00000000e8100000)
  to   space 15360K, 0% used [0x00000000eb600000,0x00000000eb600000,0x00000000ec500000)
 ParOldGen       total 66048K, used 32630K [0x00000000a0000000, 0x00000000a4080000, 0x00000000e0000000)
  object space 66048K, 49% used [0x00000000a0000000,0x00000000a1fdda58,0x00000000a4080000)
 Metaspace       used 33507K, capacity 34120K, committed 34176K, reserved 1079296K
  class space    used 4515K, capacity 4716K, committed 4736K, reserved 1048576K
Event: 14.511 GC heap after
Heap after GC invocations=11 (full 1):
 PSYoungGen      total 185344K, used 5618K [0x00000000e0000000, 0x00000000ec400000, 0x0000000100000000)
  eden space 171008K, 0% used [0x00000000e0000000,0x00000000e0000000,0x00000000ea700000)
  from space 14336K, 39% used [0x00000000eb600000,0x00000000ebb7c970,0x00000000ec400000)
  to   space 14848K, 0% used [0x00000000ea700000,0x00000000ea700000,0x00000000eb580000)
 ParOldGen       total 66048K, used 33218K [0x00000000a0000000, 0x00000000a4080000, 0x00000000e0000000)
  object space 66048K, 50% used [0x00000000a0000000,0x00000000a2070950,0x00000000a4080000)
 Metaspace       used 33507K, capacity 34120K, committed 34176K, reserved 1079296K
  class space    used 4515K, capacity 4716K, committed 4736K, reserved 1048576K
}
Event: 15.705 GC heap before
{Heap before GC invocations=12 (full 1):
 PSYoungGen      total 185344K, used 176626K [0x00000000e0000000, 0x00000000ec400000, 0x0000000100000000)
  eden space 171008K, 100% used [0x00000000e0000000,0x00000000ea700000,0x00000000ea700000)
  from space 14336K, 39% used [0x00000000eb600000,0x00000000ebb7c970,0x00000000ec400000)
  to   space 14848K, 0% used [0x00000000ea700000,0x00000000ea700000,0x00000000eb580000)
 ParOldGen       total 66048K, used 33218K [0x00000000a0000000, 0x00000000a4080000, 0x00000000e0000000)
  object space 66048K, 50% used [0x00000000a0000000,0x00000000a2070950,0x00000000a4080000)
 Metaspace       used 34081K, capacity 34902K, committed 35072K, reserved 1079296K
  class space    used 4572K, capacity 4801K, committed 4864K, reserved 1048576K
Event: 15.707 GC heap after
Heap after GC invocations=12 (full 1):
 PSYoungGen      total 185856K, used 1225K [0x00000000e0000000, 0x00000000ec400000, 0x0000000100000000)
  eden space 171008K, 0% used [0x00000000e0000000,0x00000000e0000000,0x00000000ea700000)
  from space 14848K, 8% used [0x00000000ea700000,0x00000000ea8324b8,0x00000000eb580000)
  to   space 14336K, 0% used [0x00000000eb600000,0x00000000eb600000,0x00000000ec400000)
 ParOldGen       total 66048K, used 33954K [0x00000000a0000000, 0x00000000a4080000, 0x00000000e0000000)
  object space 66048K, 51% used [0x00000000a0000000,0x00000000a2128950,0x00000000a4080000)
 Metaspace       used 34081K, capacity 34902K, committed 35072K, reserved 1079296K
  class space    used 4572K, capacity 4801K, committed 4864K, reserved 1048576K
}
Event: 15.742 GC heap before
{Heap before GC invocations=13 (full 1):
 PSYoungGen      total 185856K, used 7963K [0x00000000e0000000, 0x00000000ec400000, 0x0000000100000000)
  eden space 171008K, 3% used [0x00000000e0000000,0x00000000e0694800,0x00000000ea700000)
  from space 14848K, 8% used [0x00000000ea700000,0x00000000ea8324b8,0x00000000eb580000)
  to   space 14336K, 0% used [0x00000000eb600000,0x00000000eb600000,0x00000000ec400000)
 ParOldGen       total 66048K, used 33954K [0x00000000a0000000, 0x00000000a4080000, 0x00000000e0000000)
  object space 66048K, 51% used [0x00000000a0000000,0x00000000a2128950,0x00000000a4080000)
 Metaspace       used 34657K, capacity 35448K, committed 35496K, reserved 1079296K
  class space    used 4595K, capacity 4835K, committed 4864K, reserved 1048576K
Event: 15.744 GC heap after
Heap after GC invocations=13 (full 1):
 PSYoungGen      total 185344K, used 851K [0x00000000e0000000, 0x00000000ec400000, 0x0000000100000000)
  eden space 171008K, 0% used [0x00000000e0000000,0x00000000e0000000,0x00000000ea700000)
  from space 14336K, 5% used [0x00000000eb600000,0x00000000eb6d4d78,0x00000000ec400000)
  to   space 14848K, 0% used [0x00000000ea700000,0x00000000ea700000,0x00000000eb580000)
 ParOldGen       total 66048K, used 34782K [0x00000000a0000000, 0x00000000a4080000, 0x00000000e0000000)
  object space 66048K, 52% used [0x00000000a0000000,0x00000000a21f7980,0x00000000a4080000)
 Metaspace       used 34657K, capacity 35448K, committed 35496K, reserved 1079296K
  class space    used 4595K, capacity 4835K, committed 4864K, reserved 1048576K
}
Event: 15.744 GC heap before
{Heap before GC invocations=14 (full 2):
 PSYoungGen      total 185344K, used 851K [0x00000000e0000000, 0x00000000ec400000, 0x0000000100000000)
  eden space 171008K, 0% used [0x00000000e0000000,0x00000000e0000000,0x00000000ea700000)
  from space 14336K, 5% used [0x00000000eb600000,0x00000000eb6d4d78,0x00000000ec400000)
  to   space 14848K, 0% used [0x00000000ea700000,0x00000000ea700000,0x00000000eb580000)
 ParOldGen       total 66048K, used 34782K [0x00000000a0000000, 0x00000000a4080000, 0x00000000e0000000)
  object space 66048K, 52% used [0x00000000a0000000,0x00000000a21f7980,0x00000000a4080000)
 Metaspace       used 34657K, capacity 35448K, committed 35496K, reserved 1079296K
  class space    used 4595K, capacity 4835K, committed 4864K, reserved 1048576K
Event: 15.830 GC heap after
Heap after GC invocations=14 (full 2):
 PSYoungGen      total 185344K, used 0K [0x00000000e0000000, 0x00000000ec400000, 0x0000000100000000)
  eden space 171008K, 0% used [0x00000000e0000000,0x00000000e0000000,0x00000000ea700000)
  from space 14336K, 0% used [0x00000000eb600000,0x00000000eb600000,0x00000000ec400000)
  to   space 14848K, 0% used [0x00000000ea700000,0x00000000ea700000,0x00000000eb580000)
 ParOldGen       total 92160K, used 20905K [0x00000000a0000000, 0x00000000a5a00000, 0x00000000e0000000)
  object space 92160K, 22% used [0x00000000a0000000,0x00000000a146a700,0x00000000a5a00000)
 Metaspace       used 34591K, capacity 35320K, committed 35496K, reserved 1079296K
  class space    used 4577K, capacity 4815K, committed 4864K, reserved 1048576K
}

Deoptimization events (10 events):
Event: 15.679 Thread 0x000000001835d000 Uncommon trap: reason=unstable_if action=reinterpret pc=0x000000000360efcc method=java.util.WeakHashMap.put(Ljava/lang/Object;Ljava/lang/Object;)Ljava/lang/Object; @ 72
Event: 15.974 Thread 0x000000001835d000 Uncommon trap: reason=unstable_if action=reinterpret pc=0x0000000003885e30 method=org.codehaus.groovy.runtime.metaclass.MetaMethodIndex.addMethodToList(Ljava/lang/Object;Lgroovy/lang/MetaMethod;)Ljava/lang/Object; @ 226
Event: 16.028 Thread 0x000000001835d000 Uncommon trap: reason=class_check action=maybe_recompile pc=0x0000000002edb3c4 method=com.google.common.io.ByteStreams.copy(Ljava/io/InputStream;Ljava/io/OutputStream;)J @ 18
Event: 16.280 Thread 0x000000001835d000 Uncommon trap: reason=unstable_if action=reinterpret pc=0x0000000003a5297c method=org.objectweb.asm.Type.appendDescriptor(Ljava/lang/Class;Ljava/lang/StringBuilder;)V @ 6
Event: 16.327 Thread 0x000000001835d000 Uncommon trap: reason=unstable_if action=reinterpret pc=0x0000000002f03804 method=java.util.HashMap.getNode(ILjava/lang/Object;)Ljava/util/HashMap$Node; @ 53
Event: 16.327 Thread 0x000000001835d000 Uncommon trap: reason=unstable_if action=reinterpret pc=0x0000000003219cb4 method=java.util.HashMap.hash(Ljava/lang/Object;)I @ 1
Event: 16.327 Thread 0x000000001835d000 Uncommon trap: reason=unstable_if action=reinterpret pc=0x000000000351b748 method=java.util.HashMap.putVal(ILjava/lang/Object;Ljava/lang/Object;ZZ)Ljava/lang/Object; @ 85
Event: 16.450 Thread 0x000000001835d000 Uncommon trap: reason=unstable_if action=reinterpret pc=0x0000000003419cc0 method=java.net.URLStreamHandler.sameFile(Ljava/net/URL;Ljava/net/URL;)Z @ 63
Event: 16.455 Thread 0x000000001835d000 Uncommon trap: reason=unstable_if action=reinterpret pc=0x000000000341fa78 method=java.net.URLStreamHandler.sameFile(Ljava/net/URL;Ljava/net/URL;)Z @ 63
Event: 16.653 Thread 0x000000001835d000 Uncommon trap: reason=unstable_if action=reinterpret pc=0x00000000039b3230 method=java.lang.ClassLoader.checkCerts(Ljava/lang/String;Ljava/security/CodeSource;)V @ 29

Classes redefined (0 events):
No events

Internal exceptions (10 events):
Event: 16.650 Thread 0x000000001835d000 Exception <a 'java/lang/ClassNotFoundException': org/codehaus/groovy/reflection/CachedFieldCustomizer> (0x00000000e293ce88) thrown at [C:\src\AOSP-openjdk-git\hotspot\src\share\vm\classfile\systemDictionary.cpp, line 210]
Event: 16.653 Thread 0x000000001835d000 Implicit null exception at 0x00000000039b102b to 0x00000000039b3221
Event: 16.670 Thread 0x000000001835d000 Exception <a 'java/lang/ClassNotFoundException': java/util/ArrayListBeanInfo> (0x00000000e2a86978) thrown at [C:\src\AOSP-openjdk-git\hotspot\src\share\vm\classfile\systemDictionary.cpp, line 210]
Event: 16.671 Thread 0x000000001835d000 Exception <a 'java/lang/ClassNotFoundException': java/util/AbstractListBeanInfo> (0x00000000e2a8fc40) thrown at [C:\src\AOSP-openjdk-git\hotspot\src\share\vm\classfile\systemDictionary.cpp, line 210]
Event: 16.671 Thread 0x000000001835d000 Exception <a 'java/lang/ClassNotFoundException': java/util/AbstractCollectionBeanInfo> (0x00000000e2a99c80) thrown at [C:\src\AOSP-openjdk-git\hotspot\src\share\vm\classfile\systemDictionary.cpp, line 210]
Event: 16.671 Thread 0x000000001835d000 Exception <a 'java/lang/ClassNotFoundException': java/util/AbstractCollectionCustomizer> (0x00000000e2aa3fc0) thrown at [C:\src\AOSP-openjdk-git\hotspot\src\share\vm\classfile\systemDictionary.cpp, line 210]
Event: 16.672 Thread 0x000000001835d000 Exception <a 'java/lang/ClassNotFoundException': java/util/AbstractListCustomizer> (0x00000000e2ab8080) thrown at [C:\src\AOSP-openjdk-git\hotspot\src\share\vm\classfile\systemDictionary.cpp, line 210]
Event: 16.674 Thread 0x000000001835d000 Exception <a 'java/lang/ClassNotFoundException': java/util/ArrayListCustomizer> (0x00000000e2ace6b8) thrown at [C:\src\AOSP-openjdk-git\hotspot\src\share\vm\classfile\systemDictionary.cpp, line 210]
Event: 16.683 Thread 0x000000001835d000 Exception <a 'java/lang/ClassNotFoundException': java/util/CollectionBeanInfo> (0x00000000e2b52a90) thrown at [C:\src\AOSP-openjdk-git\hotspot\src\share\vm\classfile\systemDictionary.cpp, line 210]
Event: 16.683 Thread 0x000000001835d000 Exception <a 'java/lang/ClassNotFoundException': java/util/CollectionCustomizer> (0x00000000e2b5bce8) thrown at [C:\src\AOSP-openjdk-git\hotspot\src\share\vm\classfile\systemDictionary.cpp, line 210]

Events (10 events):
Event: 16.716 loading class org/gradle/internal/operations/OperationIdentifier
Event: 16.716 loading class org/gradle/internal/operations/OperationIdentifier done
Event: 16.717 loading class org/gradle/api/internal/tasks/DefaultTaskContainer$TaskCreatingProvider
Event: 16.717 loading class org/gradle/api/internal/tasks/DefaultTaskContainer$TaskCreatingProvider done
Event: 16.718 loading class org/gradle/api/internal/DefaultNamedDomainObjectCollection$AbstractDomainObjectCreatingProvider
Event: 16.718 loading class org/gradle/api/internal/DefaultNamedDomainObjectCollection$AbstractDomainObjectCreatingProvider done
Event: 16.718 loading class org/gradle/api/internal/DefaultNamedDomainObjectCollection$AbstractNamedDomainObjectProvider
Event: 16.718 loading class org/gradle/api/internal/DefaultNamedDomainObjectCollection$AbstractNamedDomainObjectProvider done
Event: 16.718 loading class org/gradle/api/internal/provider/AbstractReadOnlyProvider
Event: 16.718 loading class org/gradle/api/internal/provider/AbstractReadOnlyProvider done


Dynamic libraries:
0x00007ff65fa50000 - 0x00007ff65fa81000 	C:\Program Files\Android\Android Studio\jre\bin\java.exe
0x00007ff95c7e0000 - 0x00007ff95c9d0000 	C:\Windows\SYSTEM32\ntdll.dll
0x00007ff95bf90000 - 0x00007ff95c042000 	C:\Windows\System32\KERNEL32.DLL
0x00007ff959800000 - 0x00007ff959aa5000 	C:\Windows\System32\KERNELBASE.dll
0x00007ff957cc0000 - 0x00007ff957d4f000 	C:\Windows\SYSTEM32\apphelp.dll
0x00007ff95bce0000 - 0x00007ff95bd83000 	C:\Windows\System32\ADVAPI32.dll
0x00007ff95c280000 - 0x00007ff95c31e000 	C:\Windows\System32\msvcrt.dll
0x00007ff95be40000 - 0x00007ff95bed7000 	C:\Windows\System32\sechost.dll
0x00007ff95c320000 - 0x00007ff95c440000 	C:\Windows\System32\RPCRT4.dll
0x00007ff95bb40000 - 0x00007ff95bcd4000 	C:\Windows\System32\USER32.dll
0x00007ff95a3f0000 - 0x00007ff95a411000 	C:\Windows\System32\win32u.dll
0x00007ff95b2d0000 - 0x00007ff95b2f6000 	C:\Windows\System32\GDI32.dll
0x00007ff95a580000 - 0x00007ff95a716000 	C:\Windows\System32\gdi32full.dll
0x00007ff959760000 - 0x00007ff9597fe000 	C:\Windows\System32\msvcp_win.dll
0x00007ff959ae0000 - 0x00007ff959bda000 	C:\Windows\System32\ucrtbase.dll
0x00007ff951780000 - 0x00007ff951a04000 	C:\Windows\WinSxS\amd64_microsoft.windows.common-controls_6595b64144ccf1df_6.0.18362.1198_none_9e820b57e45ad92f\COMCTL32.dll
0x00007ff95af90000 - 0x00007ff95b2c5000 	C:\Windows\System32\combase.dll
0x00007ff95a370000 - 0x00007ff95a3f0000 	C:\Windows\System32\bcryptPrimitives.dll
0x00007ff95bf60000 - 0x00007ff95bf8e000 	C:\Windows\System32\IMM32.DLL
0x00000000611c0000 - 0x0000000061292000 	C:\Program Files\Android\Android Studio\jre\jre\bin\msvcr100.dll
0x00000000612a0000 - 0x0000000061aeb000 	C:\Program Files\Android\Android Studio\jre\jre\bin\server\jvm.dll
0x00007ff95c270000 - 0x00007ff95c278000 	C:\Windows\System32\PSAPI.DLL
0x00007ff9564e0000 - 0x00007ff9564e9000 	C:\Windows\SYSTEM32\WSOCK32.dll
0x00007ff95b380000 - 0x00007ff95b3ef000 	C:\Windows\System32\WS2_32.dll
0x00007ff950ad0000 - 0x00007ff950af4000 	C:\Windows\SYSTEM32\WINMM.dll
0x00007ff951e10000 - 0x00007ff951e1a000 	C:\Windows\SYSTEM32\VERSION.dll
0x00007ff950890000 - 0x00007ff9508bd000 	C:\Windows\SYSTEM32\WINMMBASE.dll
0x00007ff95a480000 - 0x00007ff95a4ca000 	C:\Windows\System32\cfgmgr32.dll
0x00007ff954130000 - 0x00007ff95413f000 	C:\Program Files\Android\Android Studio\jre\jre\bin\verify.dll
0x00007ff952610000 - 0x00007ff952639000 	C:\Program Files\Android\Android Studio\jre\jre\bin\java.dll
0x00007ff953ee0000 - 0x00007ff953ef6000 	C:\Program Files\Android\Android Studio\jre\jre\bin\zip.dll
0x00007ff95b3f0000 - 0x00007ff95bad7000 	C:\Windows\System32\SHELL32.dll
0x00007ff95bd90000 - 0x00007ff95be39000 	C:\Windows\System32\shcore.dll
0x00007ff959be0000 - 0x00007ff95a361000 	C:\Windows\System32\windows.storage.dll
0x00007ff959730000 - 0x00007ff959753000 	C:\Windows\System32\profapi.dll
0x00007ff9596e0000 - 0x00007ff95972a000 	C:\Windows\System32\powrprof.dll
0x00007ff959690000 - 0x00007ff9596a0000 	C:\Windows\System32\UMPDC.dll
0x00007ff95bae0000 - 0x00007ff95bb32000 	C:\Windows\System32\shlwapi.dll
0x00007ff9596a0000 - 0x00007ff9596b1000 	C:\Windows\System32\kernel.appcore.dll
0x00007ff95a720000 - 0x00007ff95a737000 	C:\Windows\System32\cryptsp.dll
0x00007ff9523c0000 - 0x00007ff9523da000 	C:\Program Files\Android\Android Studio\jre\jre\bin\net.dll
0x00007ff958ee0000 - 0x00007ff958f47000 	C:\Windows\system32\mswsock.dll
0x00007ff951f20000 - 0x00007ff951f33000 	C:\Program Files\Android\Android Studio\jre\jre\bin\nio.dll
0x00007ff953170000 - 0x00007ff953196000 	C:\Users\NeoCredit\.gradle\native\29\windows-amd64\native-platform.dll
0x00007ff953e60000 - 0x00007ff953e6d000 	C:\Program Files\Android\Android Studio\jre\jre\bin\management.dll
0x00007ff958a50000 - 0x00007ff958a83000 	C:\Windows\system32\rsaenh.dll
0x00007ff959ab0000 - 0x00007ff959ad6000 	C:\Windows\System32\bcrypt.dll
0x00007ff9595b0000 - 0x00007ff9595d5000 	C:\Windows\SYSTEM32\USERENV.dll
0x00007ff9590b0000 - 0x00007ff9590bc000 	C:\Windows\SYSTEM32\CRYPTBASE.dll
0x00007ff958bf0000 - 0x00007ff958c2a000 	C:\Windows\SYSTEM32\IPHLPAPI.DLL
0x00007ff95bf50000 - 0x00007ff95bf58000 	C:\Windows\System32\NSI.dll
0x00007ff94f9e0000 - 0x00007ff94f9f6000 	C:\Windows\SYSTEM32\dhcpcsvc6.DLL
0x00007ff94f9c0000 - 0x00007ff94f9dc000 	C:\Windows\SYSTEM32\dhcpcsvc.DLL
0x00007ff958c30000 - 0x00007ff958cfb000 	C:\Windows\SYSTEM32\DNSAPI.dll

VM Arguments:
jvm_args: -Xmx1536m -Dfile.encoding=windows-1252 -Duser.country=IN -Duser.language=en -Duser.variant 
java_command: org.gradle.launcher.daemon.bootstrap.GradleDaemon 5.4.1
java_class_path (initial): C:\Users\NeoCredit\.gradle\wrapper\dists\gradle-5.4.1-all\3221gyojl5jsh0helicew7rwx\gradle-5.4.1\lib\gradle-launcher-5.4.1.jar
Launcher Type: SUN_STANDARD

Environment Variables:
PATH=C:\Program Files\Common Files\Oracle\Java\javapath;C:\Windows\system32;C:\Windows;C:\Windows\System32\Wbem;C:\Windows\System32\WindowsPowerShell\v1.0\;C:\Windows\System32\OpenSSH\;C:\Program Files\Java\jdk-15.0.1\bin;C:\Program Files\Git\cmd;C:\Users\NeoCredit\AppData\Local\Microsoft\WindowsApps;
USERNAME=NeoCredit
OS=Windows_NT
PROCESSOR_IDENTIFIER=Intel64 Family 6 Model 60 Stepping 3, GenuineIntel



---------------  S Y S T E M  ---------------

OS: Windows 10.0 , 64 bit Build 18362 (10.0.18362.1110)

CPU:total 4 (initial active 4) (2 cores per cpu, 2 threads per core) family 6 model 60 stepping 3, cmov, cx8, fxsr, mmx, sse, sse2, sse3, ssse3, sse4.1, sse4.2, popcnt, avx, avx2, aes, clmul, erms, lzcnt, ht, tsc, tscinvbit, bmi1, bmi2

Memory: 4k page, physical 8067516k(1176152k free), swap 16953400k(5336k free)

vm_info: OpenJDK 64-Bit Server VM (25.242-b01) for windows-amd64 JRE (1.8.0_242-release-1644-b01), built by "builder" with MS VC++ 10.0 (VS2010)

time: Mon Dec 07 14:45:22 2020
timezone: India Standard Time
elapsed time: 16 seconds (0d 0h 0m 16s)

